\BOOKMARK [1][-]{Doc-Start}{\376\377\000S\000e\000z\000n\000a\000m\000\040\000p\000o\000u\001\176\000i\000t\000\375\000c\000h\000\040\000z\000k\000r\000a\000t\000e\000k\000\040\000a\000\040\000s\000y\000m\000b\000o\000l\001\157}{}% 1
\BOOKMARK [1][-]{Doc-Start}{\376\377\000S\000e\000z\000n\000a\000m\000\040\000o\000b\000r\000\341\000z\000k\001\157}{}% 2
\BOOKMARK [1][-]{Doc-Start}{Seznam\040tabulek}{}% 3
\BOOKMARK [1][-]{Doc-Start}{\376\377\000S\000e\000z\000n\000a\000m\000\040\000v\000\375\000p\000i\000s\001\157\000\040\000z\000d\000r\000o\000j\000o\000v\000\351\000h\000o\000\040\000k\000\363\000d\000u}{}% 4
\BOOKMARK [1][-]{section.1}{\332vod}{}% 5
\BOOKMARK [1][-]{section.2}{LIDAR}{}% 6
\BOOKMARK [2][-]{subsection.2.1}{Princip\040fungov\341n\355\040LIDARu}{section.2}% 7
\BOOKMARK [2][-]{subsection.2.2}{Model\040VLP-16}{section.2}% 8
\BOOKMARK [2][-]{subsection.2.3}{Z\341kladn\355\040pojmy}{section.2}% 9
\BOOKMARK [2][-]{subsection.2.4}{Odpalovac\355\040sekvence}{section.2}% 10
\BOOKMARK [2][-]{subsection.2.5}{Re\236imy\040vr\341cen\355\040dat}{section.2}% 11
\BOOKMARK [2][-]{subsection.2.6}{Vertik\341ln\355\040\372hly\040a\040kan\341ly}{section.2}% 12
\BOOKMARK [2][-]{subsection.2.7}{\376\377\000M\000r\000a\000k\000\040\000b\000o\000d\001\157}{section.2}% 13
\BOOKMARK [2][-]{subsection.2.8}{Data}{section.2}% 14
\BOOKMARK [2][-]{subsection.2.9}{\376\377\000P\001\131\000e\000d\000z\000p\000r\000a\000c\000o\000v\000\341\000n\000\355\000\040\000d\000a\000t}{section.2}% 15
\BOOKMARK [1][-]{section.3}{Vizualizace}{}% 16
\BOOKMARK [2][-]{subsection.3.1}{\376\377\000V\000\375\000b\001\033\000r\000\040\000t\000e\000c\000h\000n\000o\000l\000o\000g\000i\000\355}{section.3}% 17
\BOOKMARK [2][-]{subsection.3.2}{Alternativn\355\040knihovny}{section.3}% 18
\BOOKMARK [2][-]{subsection.3.3}{Z\341klady\040knihovny\040Three.js}{section.3}% 19
\BOOKMARK [2][-]{subsection.3.4}{\376\377\000V\000y\000t\000v\000\341\001\131\000e\000n\000\355\000\040\000o\000b\000j\000e\000k\000t\001\157\000\040\000v\000\040\000T\000h\000r\000e\000e\000.\000j\000s}{section.3}% 20
\BOOKMARK [2][-]{subsection.3.5}{\376\377\000K\000o\000n\000k\000u\000r\000e\000n\001\015\000n\000\355\000\040\001\131\000e\001\141\000e\000n\000\355}{section.3}% 21
\BOOKMARK [2][-]{subsection.3.6}{Princip\040fungov\341n\355\040kamery}{section.3}% 22
\BOOKMARK [1][-]{section.4}{Implementace}{}% 23
\BOOKMARK [2][-]{subsection.4.1}{REST\040API}{section.4}% 24
\BOOKMARK [2][-]{subsection.4.2}{Datov\375\040model}{section.4}% 25
\BOOKMARK [2][-]{subsection.4.3}{Sc\351na\040a\040kamera}{section.4}% 26
\BOOKMARK [2][-]{subsection.4.4}{Vizualizace\040LIDARov\375ch\040dat}{section.4}% 27
\BOOKMARK [2][-]{subsection.4.5}{\376\377\000V\000\375\000b\001\033\000r\000\040\000p\000r\000o\000s\000t\000o\000r\000u}{section.4}% 28
\BOOKMARK [2][-]{subsection.4.6}{Zachycen\355\040obrazu\040selekce}{section.4}% 29
\BOOKMARK [2][-]{subsection.4.7}{\376\377\000E\000x\000p\000o\000r\000t\000\040\000v\000y\000b\000r\000a\000n\000\375\000c\000h\000\040\000b\000o\000d\001\157\000\040\000z\000\040\000s\000e\000l\000e\000k\000c\000e}{section.4}% 30
\BOOKMARK [2][-]{subsection.4.8}{Pohyb\040selekc\355}{section.4}% 31
\BOOKMARK [1][-]{section.5}{\376\377\000Z\000\341\000v\001\033\000r}{}% 32
\BOOKMARK [1][-]{section.5}{Literatura}{}% 33
